#
# There is insufficient memory for the Java Runtime Environment to continue.
# Native memory allocation (mmap) failed to map 105381888 bytes for committing reserved memory.
# Possible reasons:
#   The system is out of physical RAM or swap space
#   In 32 bit mode, the process size limit was hit
# Possible solutions:
#   Reduce memory load on the system
#   Increase physical memory or swap space
#   Check if swap backing store is full
#   Use 64 bit Java on a 64 bit OS
#   Decrease Java heap size (-Xmx/-Xms)
#   Decrease number of Java threads
#   Decrease Java thread stack sizes (-Xss)
#   Set larger code cache with -XX:ReservedCodeCacheSize=
# This output file may be truncated or incomplete.
#
#  Out of Memory Error (os_linux.cpp:2643), pid=12769, tid=0x00007f44ac95f700
#
# JRE version: OpenJDK Runtime Environment (8.0_181-b13) (build 1.8.0_181-8u181-b13-0ubuntu0.18.04.1-b13)
# Java VM: OpenJDK 64-Bit Server VM (25.181-b13 mixed mode linux-amd64 compressed oops)
# Failed to write core dump. Core dumps have been disabled. To enable core dumping, try "ulimit -c unlimited" before starting Java again
#

---------------  T H R E A D  ---------------

Current thread (0x00007f4468024000):  JavaThread "LocalJobRunner Map Task Executor #0" [_thread_in_vm, id=13010, stack(0x00007f44ac85f000,0x00007f44ac960000)]

Stack: [0x00007f44ac85f000,0x00007f44ac960000],  sp=0x00007f44ac95def0,  free space=1019k
Native frames: (J=compiled Java code, j=interpreted, Vv=VM code, C=native code)
V  [libjvm.so+0xaaea52]
V  [libjvm.so+0x4d9897]
V  [libjvm.so+0x8e9c50]
V  [libjvm.so+0x8e41ae]
V  [libjvm.so+0x964a06]
V  [libjvm.so+0x95367a]
V  [libjvm.so+0x953848]
V  [libjvm.so+0x953b68]
V  [libjvm.so+0x91044b]
V  [libjvm.so+0xa6cd66]
V  [libjvm.so+0x66cdf7]
j  org.apache.hadoop.mapred.MapTask$MapOutputBuffer.init(Lorg/apache/hadoop/mapred/MapOutputCollector$Context;)V+247
j  org.apache.hadoop.mapred.MapTask.createSortingCollector(Lorg/apache/hadoop/mapred/JobConf;Lorg/apache/hadoop/mapred/Task$TaskReporter;)Lorg/apache/hadoop/mapred/MapOutputCollector;+165
j  org.apache.hadoop.mapred.MapTask.access$100(Lorg/apache/hadoop/mapred/MapTask;Lorg/apache/hadoop/mapred/JobConf;Lorg/apache/hadoop/mapred/Task$TaskReporter;)Lorg/apache/hadoop/mapred/MapOutputCollector;+3
j  org.apache.hadoop.mapred.MapTask$NewOutputCollector.<init>(Lorg/apache/hadoop/mapred/MapTask;Lorg/apache/hadoop/mapreduce/JobContext;Lorg/apache/hadoop/mapred/JobConf;Lorg/apache/hadoop/mapred/TaskUmbilicalProtocol;Lorg/apache/hadoop/mapred/Task$TaskReporter;)V+14
j  org.apache.hadoop.mapred.MapTask.runNewMapper(Lorg/apache/hadoop/mapred/JobConf;Lorg/apache/hadoop/mapreduce/split/JobSplit$TaskSplitIndex;Lorg/apache/hadoop/mapred/TaskUmbilicalProtocol;Lorg/apache/hadoop/mapred/Task$TaskReporter;)V+170
j  org.apache.hadoop.mapred.MapTask.run(Lorg/apache/hadoop/mapred/JobConf;Lorg/apache/hadoop/mapred/TaskUmbilicalProtocol;)V+148
j  org.apache.hadoop.mapred.LocalJobRunner$Job$MapTaskRunnable.run()V+223
j  java.util.concurrent.Executors$RunnableAdapter.call()Ljava/lang/Object;+4
j  java.util.concurrent.FutureTask.run()V+42
j  java.util.concurrent.ThreadPoolExecutor.runWorker(Ljava/util/concurrent/ThreadPoolExecutor$Worker;)V+95
j  java.util.concurrent.ThreadPoolExecutor$Worker.run()V+5
j  java.lang.Thread.run()V+11
v  ~StubRoutines::call_stub
V  [libjvm.so+0x67f7bb]
V  [libjvm.so+0x67ce7b]
V  [libjvm.so+0x67d467]
V  [libjvm.so+0x6c333b]
V  [libjvm.so+0xa4c1b3]
V  [libjvm.so+0xa4c5e2]
V  [libjvm.so+0x8e70a2]
C  [libpthread.so.0+0x76db]  start_thread+0xdb

Java frames: (J=compiled Java code, j=interpreted, Vv=VM code)
j  org.apache.hadoop.mapred.MapTask$MapOutputBuffer.init(Lorg/apache/hadoop/mapred/MapOutputCollector$Context;)V+247
j  org.apache.hadoop.mapred.MapTask.createSortingCollector(Lorg/apache/hadoop/mapred/JobConf;Lorg/apache/hadoop/mapred/Task$TaskReporter;)Lorg/apache/hadoop/mapred/MapOutputCollector;+165
j  org.apache.hadoop.mapred.MapTask.access$100(Lorg/apache/hadoop/mapred/MapTask;Lorg/apache/hadoop/mapred/JobConf;Lorg/apache/hadoop/mapred/Task$TaskReporter;)Lorg/apache/hadoop/mapred/MapOutputCollector;+3
j  org.apache.hadoop.mapred.MapTask$NewOutputCollector.<init>(Lorg/apache/hadoop/mapred/MapTask;Lorg/apache/hadoop/mapreduce/JobContext;Lorg/apache/hadoop/mapred/JobConf;Lorg/apache/hadoop/mapred/TaskUmbilicalProtocol;Lorg/apache/hadoop/mapred/Task$TaskReporter;)V+14
j  org.apache.hadoop.mapred.MapTask.runNewMapper(Lorg/apache/hadoop/mapred/JobConf;Lorg/apache/hadoop/mapreduce/split/JobSplit$TaskSplitIndex;Lorg/apache/hadoop/mapred/TaskUmbilicalProtocol;Lorg/apache/hadoop/mapred/Task$TaskReporter;)V+170
j  org.apache.hadoop.mapred.MapTask.run(Lorg/apache/hadoop/mapred/JobConf;Lorg/apache/hadoop/mapred/TaskUmbilicalProtocol;)V+148
j  org.apache.hadoop.mapred.LocalJobRunner$Job$MapTaskRunnable.run()V+223
j  java.util.concurrent.Executors$RunnableAdapter.call()Ljava/lang/Object;+4
j  java.util.concurrent.FutureTask.run()V+42
j  java.util.concurrent.ThreadPoolExecutor.runWorker(Ljava/util/concurrent/ThreadPoolExecutor$Worker;)V+95
j  java.util.concurrent.ThreadPoolExecutor$Worker.run()V+5
j  java.lang.Thread.run()V+11
v  ~StubRoutines::call_stub

---------------  P R O C E S S  ---------------

Java Threads: ( => current thread )
  0x00007f446c029000 JavaThread "communication thread" daemon [_thread_blocked, id=13019, stack(0x00007f44ac75e000,0x00007f44ac85f000)]
=>0x00007f4468024000 JavaThread "LocalJobRunner Map Task Executor #0" [_thread_in_vm, id=13010, stack(0x00007f44ac85f000,0x00007f44ac960000)]
  0x00007f44c49ad800 JavaThread "Thread-115" [_thread_blocked, id=13009, stack(0x00007f44ad3ce000,0x00007f44ad4cf000)]
  0x00007f44c4882000 JavaThread "process reaper" daemon [_thread_blocked, id=12802, stack(0x00007f44ad4cf000,0x00007f44ad508000)]
  0x00007f44c4671800 JavaThread "Service Thread" daemon [_thread_blocked, id=12797, stack(0x00007f44ada13000,0x00007f44adb14000)]
  0x00007f44c4664800 JavaThread "C1 CompilerThread2" daemon [_thread_blocked, id=12796, stack(0x00007f44add2d000,0x00007f44ade2d000)]
  0x00007f44c4662800 JavaThread "C2 CompilerThread1" daemon [_thread_in_native, id=12795, stack(0x00007f44ade2e000,0x00007f44adf2e000)]
  0x00007f44c4660800 JavaThread "C2 CompilerThread0" daemon [_thread_blocked, id=12794, stack(0x00007f44adf2f000,0x00007f44ae02f000)]
  0x00007f44c465f000 JavaThread "Monitor Ctrl-Break" daemon [_thread_in_native, id=12793, stack(0x00007f44ae02f000,0x00007f44ae130000)]
  0x00007f44c4184800 JavaThread "Signal Dispatcher" daemon [_thread_blocked, id=12790, stack(0x00007f44b432e000,0x00007f44b442f000)]
  0x00007f44c4151000 JavaThread "Finalizer" daemon [_thread_blocked, id=12784, stack(0x00007f44b4dfe000,0x00007f44b4eff000)]
  0x00007f44c414c800 JavaThread "Reference Handler" daemon [_thread_blocked, id=12782, stack(0x00007f44b4eff000,0x00007f44b5000000)]
  0x00007f44c4010000 JavaThread "main" [_thread_blocked, id=12770, stack(0x00007f44ce06e000,0x00007f44ce16e000)]

Other Threads:
  0x00007f44c4145000 VMThread [stack: 0x00007f44c80a5000,0x00007f44c81a5000] [id=12781]
  0x00007f44c4674000 WatcherThread [stack: 0x00007f44ad913000,0x00007f44ada13000] [id=12798]

VM state:not at safepoint (normal execution)

VM Mutex/Monitor currently owned by a thread:  ([mutex/lock_event])
[0x00007f44c40089f0] ExpandHeap_lock - owner thread: 0x00007f4468024000
[0x00007f44c400c9f0] Heap_lock - owner thread: 0x00007f4468024000

Heap:
 PSYoungGen      total 207360K, used 158910K [0x00000000eb780000, 0x00000000f8780000, 0x0000000100000000)
  eden space 201728K, 77% used [0x00000000eb780000,0x00000000f510f6b8,0x00000000f7c80000)
  from space 5632K, 29% used [0x00000000f8200000,0x00000000f83a0368,0x00000000f8780000)
  to   space 5632K, 0% used [0x00000000f7c80000,0x00000000f7c80000,0x00000000f8200000)
 ParOldGen       total 454144K, used 418479K [0x00000000c2600000, 0x00000000de180000, 0x00000000eb780000)
  object space 454144K, 92% used [0x00000000c2600000,0x00000000dbeabd80,0x00000000de180000)
 Metaspace       used 15985K, capacity 16256K, committed 16512K, reserved 1064960K
  class space    used 1762K, capacity 1886K, committed 1920K, reserved 1048576K

Card table byte_map: [0x00007f44ca20b000,0x00007f44ca3f9000] byte_map_base: 0x00007f44c9bf8000

Marking Bits: (ParMarkBitMap*) 0x00007f44cd3011c0
 Begin Bits: [0x00007f44ae130000, 0x00007f44af098000)
 End Bits:   [0x00007f44af098000, 0x00007f44b0000000)

Polling page: 0x00007f44ce182000

CodeCache: size=245760Kb used=9598Kb max_used=9598Kb free=236161Kb
 bounds [0x00007f44b5000000, 0x00007f44b5970000, 0x00007f44c4000000]
 total_blobs=3107 nmethods=2677 adapters=344
 compilation: enabled

Compilation events (10 events):
Event: 4.483 Thread 0x00007f44c4664800 2707       3       org.apache.hadoop.mapreduce.counters.FileSystemCounterGroup$FSCounter::<init> (15 bytes)
Event: 4.483 Thread 0x00007f44c4664800 nmethod 2707 0x00007f44b595aa90 code [0x00007f44b595ac00, 0x00007f44b595ae30]
Event: 4.484 Thread 0x00007f44c4664800 2708       3       sun.reflect.ClassFileAssembler::getLength (11 bytes)
Event: 4.484 Thread 0x00007f44c4664800 nmethod 2708 0x00007f44b5961f90 code [0x00007f44b5962100, 0x00007f44b5962310]
Event: 4.488 Thread 0x00007f44c4664800 2709   !   3       org.apache.hadoop.util.ReflectionUtils::setJobConf (93 bytes)
Event: 4.489 Thread 0x00007f44c4664800 nmethod 2709 0x00007f44b5966bd0 code [0x00007f44b5966de0, 0x00007f44b5967a48]
Event: 4.489 Thread 0x00007f44c4664800 2710  s    3       org.apache.hadoop.mapred.Counters::findCounter (51 bytes)
Event: 4.491 Thread 0x00007f44c4664800 nmethod 2710 0x00007f44b5967f90 code [0x00007f44b5968220, 0x00007f44b59694e8]
Event: 4.491 Thread 0x00007f44c4664800 2711       3       org.apache.hadoop.mapred.Counters::getNewGroupKey (23 bytes)
Event: 4.491 Thread 0x00007f44c4664800 nmethod 2711 0x00007f44b5961590 code [0x00007f44b5961740, 0x00007f44b5961d88]

GC Heap History (10 events):
Event: 2.091 GC heap before
{Heap before GC invocations=6 (full 0):
 PSYoungGen      total 34304K, used 34284K [0x00000000eb780000, 0x00000000efe80000, 0x0000000100000000)
  eden space 31744K, 100% used [0x00000000eb780000,0x00000000ed680000,0x00000000ed680000)
  from space 2560K, 99% used [0x00000000ed680000,0x00000000ed8fb070,0x00000000ed900000)
  to   space 4608K, 0% used [0x00000000efa00000,0x00000000efa00000,0x00000000efe80000)
 ParOldGen       total 145408K, used 107933K [0x00000000c2600000, 0x00000000cb400000, 0x00000000eb780000)
  object space 145408K, 74% used [0x00000000c2600000,0x00000000c8f67618,0x00000000cb400000)
 Metaspace       used 14705K, capacity 14910K, committed 15104K, reserved 1062912K
  class space    used 1655K, capacity 1747K, committed 1792K, reserved 1048576K
Event: 2.102 GC heap after
Heap after GC invocations=6 (full 0):
 PSYoungGen      total 67584K, used 2540K [0x00000000eb780000, 0x00000000eff80000, 0x0000000100000000)
  eden space 62976K, 0% used [0x00000000eb780000,0x00000000eb780000,0x00000000ef500000)
  from space 4608K, 55% used [0x00000000efa00000,0x00000000efc7b070,0x00000000efe80000)
  to   space 5120K, 0% used [0x00000000ef500000,0x00000000ef500000,0x00000000efa00000)
 ParOldGen       total 145408K, used 107933K [0x00000000c2600000, 0x00000000cb400000, 0x00000000eb780000)
  object space 145408K, 74% used [0x00000000c2600000,0x00000000c8f67618,0x00000000cb400000)
 Metaspace       used 14705K, capacity 14910K, committed 15104K, reserved 1062912K
  class space    used 1655K, capacity 1747K, committed 1792K, reserved 1048576K
}
Event: 2.593 GC heap before
{Heap before GC invocations=7 (full 0):
 PSYoungGen      total 67584K, used 65516K [0x00000000eb780000, 0x00000000eff80000, 0x0000000100000000)
  eden space 62976K, 100% used [0x00000000eb780000,0x00000000ef500000,0x00000000ef500000)
  from space 4608K, 55% used [0x00000000efa00000,0x00000000efc7b070,0x00000000efe80000)
  to   space 5120K, 0% used [0x00000000ef500000,0x00000000ef500000,0x00000000efa00000)
 ParOldGen       total 145408K, used 107933K [0x00000000c2600000, 0x00000000cb400000, 0x00000000eb780000)
  object space 145408K, 74% used [0x00000000c2600000,0x00000000c8f67618,0x00000000cb400000)
 Metaspace       used 14821K, capacity 15038K, committed 15360K, reserved 1062912K
  class space    used 1666K, capacity 1747K, committed 1792K, reserved 1048576K
Event: 2.597 GC heap after
Heap after GC invocations=7 (full 0):
 PSYoungGen      total 68096K, used 1580K [0x00000000eb780000, 0x00000000f3c80000, 0x0000000100000000)
  eden space 62976K, 0% used [0x00000000eb780000,0x00000000eb780000,0x00000000ef500000)
  from space 5120K, 30% used [0x00000000ef500000,0x00000000ef68b050,0x00000000efa00000)
  to   space 5120K, 0% used [0x00000000f3780000,0x00000000f3780000,0x00000000f3c80000)
 ParOldGen       total 145408K, used 108989K [0x00000000c2600000, 0x00000000cb400000, 0x00000000eb780000)
  object space 145408K, 74% used [0x00000000c2600000,0x00000000c906f6a8,0x00000000cb400000)
 Metaspace       used 14821K, capacity 15038K, committed 15360K, reserved 1062912K
  class space    used 1666K, capacity 1747K, committed 1792K, reserved 1048576K
}
Event: 3.067 GC heap before
{Heap before GC invocations=8 (full 0):
 PSYoungGen      total 68096K, used 64556K [0x00000000eb780000, 0x00000000f3c80000, 0x0000000100000000)
  eden space 62976K, 100% used [0x00000000eb780000,0x00000000ef500000,0x00000000ef500000)
  from space 5120K, 30% used [0x00000000ef500000,0x00000000ef68b050,0x00000000efa00000)
  to   space 5120K, 0% used [0x00000000f3780000,0x00000000f3780000,0x00000000f3c80000)
 ParOldGen       total 145408K, used 108989K [0x00000000c2600000, 0x00000000cb400000, 0x00000000eb780000)
  object space 145408K, 74% used [0x00000000c2600000,0x00000000c906f6a8,0x00000000cb400000)
 Metaspace       used 15613K, capacity 15856K, committed 16000K, reserved 1062912K
  class space    used 1744K, capacity 1846K, committed 1920K, reserved 1048576K
Event: 3.078 GC heap after
Heap after GC invocations=8 (full 0):
 PSYoungGen      total 131072K, used 1855K [0x00000000eb780000, 0x00000000f3c80000, 0x0000000100000000)
  eden space 125952K, 0% used [0x00000000eb780000,0x00000000eb780000,0x00000000f3280000)
  from space 5120K, 36% used [0x00000000f3780000,0x00000000f394fee0,0x00000000f3c80000)
  to   space 5120K, 0% used [0x00000000f3280000,0x00000000f3280000,0x00000000f3780000)
 ParOldGen       total 145408K, used 110090K [0x00000000c2600000, 0x00000000cb400000, 0x00000000eb780000)
  object space 145408K, 75% used [0x00000000c2600000,0x00000000c9182bd0,0x00000000cb400000)
 Metaspace       used 15613K, capacity 15856K, committed 16000K, reserved 1062912K
  class space    used 1744K, capacity 1846K, committed 1920K, reserved 1048576K
}
Event: 3.503 GC heap before
{Heap before GC invocations=9 (full 0):
 PSYoungGen      total 131072K, used 127807K [0x00000000eb780000, 0x00000000f3c80000, 0x0000000100000000)
  eden space 125952K, 100% used [0x00000000eb780000,0x00000000f3280000,0x00000000f3280000)
  from space 5120K, 36% used [0x00000000f3780000,0x00000000f394fee0,0x00000000f3c80000)
  to   space 5120K, 0% used [0x00000000f3280000,0x00000000f3280000,0x00000000f3780000)
 ParOldGen       total 145408K, used 110090K [0x00000000c2600000, 0x00000000cb400000, 0x00000000eb780000)
  object space 145408K, 75% used [0x00000000c2600000,0x00000000c9182bd0,0x00000000cb400000)
 Metaspace       used 15732K, capacity 15984K, committed 16256K, reserved 1062912K
  class space    used 1744K, capacity 1846K, committed 1920K, reserved 1048576K
Event: 3.506 GC heap after
Heap after GC invocations=9 (full 0):
 PSYoungGen      total 131072K, used 1008K [0x00000000eb780000, 0x00000000f8780000, 0x0000000100000000)
  eden space 125952K, 0% used [0x00000000eb780000,0x00000000eb780000,0x00000000f3280000)
  from space 5120K, 19% used [0x00000000f3280000,0x00000000f337c050,0x00000000f3780000)
  to   space 5632K, 0% used [0x00000000f8200000,0x00000000f8200000,0x00000000f8780000)
 ParOldGen       total 145408K, used 110447K [0x00000000c2600000, 0x00000000cb400000, 0x00000000eb780000)
  object space 145408K, 75% used [0x00000000c2600000,0x00000000c91dbc20,0x00000000cb400000)
 Metaspace       used 15732K, capacity 15984K, committed 16256K, reserved 1062912K
  class space    used 1744K, capacity 1846K, committed 1920K, reserved 1048576K
}
Event: 4.273 GC heap before
{Heap before GC invocations=10 (full 0):
 PSYoungGen      total 131072K, used 126960K [0x00000000eb780000, 0x00000000f8780000, 0x0000000100000000)
  eden space 125952K, 100% used [0x00000000eb780000,0x00000000f3280000,0x00000000f3280000)
  from space 5120K, 19% used [0x00000000f3280000,0x00000000f337c050,0x00000000f3780000)
  to   space 5632K, 0% used [0x00000000f8200000,0x00000000f8200000,0x00000000f8780000)
 ParOldGen       total 454144K, used 417647K [0x00000000c2600000, 0x00000000de180000, 0x00000000eb780000)
  object space 454144K, 91% used [0x00000000c2600000,0x00000000dbddbc50,0x00000000de180000)
 Metaspace       used 15959K, capacity 16250K, committed 16512K, reserved 1064960K
  class space    used 1761K, capacity 1885K, committed 1920K, reserved 1048576K
Event: 4.280 GC heap after
Heap after GC invocations=10 (full 0):
 PSYoungGen      total 207360K, used 1664K [0x00000000eb780000, 0x00000000f8780000, 0x0000000100000000)
  eden space 201728K, 0% used [0x00000000eb780000,0x00000000eb780000,0x00000000f7c80000)
  from space 5632K, 29% used [0x00000000f8200000,0x00000000f83a0368,0x00000000f8780000)
  to   space 5632K, 0% used [0x00000000f7c80000,0x00000000f7c80000,0x00000000f8200000)
 ParOldGen       total 454144K, used 418479K [0x00000000c2600000, 0x00000000de180000, 0x00000000eb780000)
  object space 454144K, 92% used [0x00000000c2600000,0x00000000dbeabd80,0x00000000de180000)
 Metaspace       used 15959K, capacity 16250K, committed 16512K, reserved 1064960K
  class space    used 1761K, capacity 1885K, committed 1920K, reserved 1048576K
}

Deoptimization events (10 events):
Event: 3.850 Thread 0x00007f44c49ad800 Uncommon trap: reason=unstable_if action=reinterpret pc=0x00007f44b56e4908 method=java.lang.Long.valueOf(J)Ljava/lang/Long; @ 13
Event: 3.855 Thread 0x00007f4468024000 Uncommon trap: reason=bimorphic action=maybe_recompile pc=0x00007f44b57ad57c method=org.apache.hadoop.io.serializer.WritableSerialization$WritableDeserializer.deserialize(Lorg/apache/hadoop/io/Writable;)Lorg/apache/hadoop/io/Writable; @ 29
Event: 3.908 Thread 0x00007f4468024000 Uncommon trap: reason=unstable_if action=reinterpret pc=0x00007f44b55ed0f0 method=org.apache.hadoop.mapreduce.lib.input.LineRecordReader.nextKeyValue()Z @ 4
Event: 4.009 Thread 0x00007f4468024000 Uncommon trap: reason=unstable_if action=reinterpret pc=0x00007f44b55ef0c8 method=org.apache.hadoop.util.LineReader.readDefaultLine(Lorg/apache/hadoop/io/Text;II)I @ 74
Event: 4.009 Thread 0x00007f4468024000 Uncommon trap: reason=unstable_if action=reinterpret pc=0x00007f44b55f8af0 method=org.apache.hadoop.mapreduce.lib.input.LineRecordReader.nextKeyValue()Z @ 124
Event: 4.037 Thread 0x00007f4468024000 Uncommon trap: reason=bimorphic action=maybe_recompile pc=0x00007f44b57ad57c method=org.apache.hadoop.io.serializer.WritableSerialization$WritableDeserializer.deserialize(Lorg/apache/hadoop/io/Writable;)Lorg/apache/hadoop/io/Writable; @ 29
Event: 4.147 Thread 0x00007f4468024000 Uncommon trap: reason=bimorphic action=maybe_recompile pc=0x00007f44b57ad57c method=org.apache.hadoop.io.serializer.WritableSerialization$WritableDeserializer.deserialize(Lorg/apache/hadoop/io/Writable;)Lorg/apache/hadoop/io/Writable; @ 29
Event: 4.281 Thread 0x00007f4468024000 Uncommon trap: reason=unstable_if action=reinterpret pc=0x00007f44b55e11d0 method=org.apache.hadoop.fs.FileSystem$Statistics.visitAll(Lorg/apache/hadoop/fs/FileSystem$Statistics$StatisticsAggregator;)Ljava/lang/Object; @ 58
Event: 4.391 Thread 0x00007f4468024000 Uncommon trap: reason=bimorphic action=maybe_recompile pc=0x00007f44b57ad57c method=org.apache.hadoop.io.serializer.WritableSerialization$WritableDeserializer.deserialize(Lorg/apache/hadoop/io/Writable;)Lorg/apache/hadoop/io/Writable; @ 29
Event: 4.488 Thread 0x00007f4468024000 Uncommon trap: reason=bimorphic action=maybe_recompile pc=0x00007f44b578371c method=org.apache.hadoop.io.serializer.WritableSerialization$WritableDeserializer.deserialize(Lorg/apache/hadoop/io/Writable;)Lorg/apache/hadoop/io/Writable; @ 29

Classes redefined (0 events):
No events

Internal exceptions (10 events):
Event: 3.339 Thread 0x00007f446c04e800 Exception <a 'java/lang/InterruptedException'> (0x00000000efbffc78) thrown at [/build/openjdk-8-8iINie/openjdk-8-8u181-b13/src/hotspot/src/share/vm/runtime/objectMonitor.cpp, line 1684]
Event: 3.407 Thread 0x00007f446c04f000 Exception <a 'java/lang/InterruptedException': sleep interrupted> (0x00000000f0cb7550) thrown at [/build/openjdk-8-8iINie/openjdk-8-8u181-b13/src/hotspot/src/share/vm/prims/jvm.cpp, line 3273]
Event: 3.407 Thread 0x00007f446c04d000 Exception <a 'java/lang/InterruptedException'> (0x00000000f0f2bca8) thrown at [/build/openjdk-8-8iINie/openjdk-8-8u181-b13/src/hotspot/src/share/vm/runtime/objectMonitor.cpp, line 1684]
Event: 3.415 Thread 0x00007f446c04e800 Exception <a 'java/lang/InterruptedException'> (0x00000000f0ffdb80) thrown at [/build/openjdk-8-8iINie/openjdk-8-8u181-b13/src/hotspot/src/share/vm/runtime/objectMonitor.cpp, line 1684]
Event: 3.463 Thread 0x00007f446c04f000 Exception <a 'java/lang/InterruptedException': sleep interrupted> (0x00000000f20b54e0) thrown at [/build/openjdk-8-8iINie/openjdk-8-8u181-b13/src/hotspot/src/share/vm/prims/jvm.cpp, line 3273]
Event: 3.463 Thread 0x00007f446c04d000 Exception <a 'java/lang/InterruptedException'> (0x00000000f2329c38) thrown at [/build/openjdk-8-8iINie/openjdk-8-8u181-b13/src/hotspot/src/share/vm/runtime/objectMonitor.cpp, line 1684]
Event: 3.463 Thread 0x00007f446c04e800 Exception <a 'java/lang/InterruptedException'> (0x00000000f23fbb10) thrown at [/build/openjdk-8-8iINie/openjdk-8-8u181-b13/src/hotspot/src/share/vm/runtime/objectMonitor.cpp, line 1684]
Event: 3.513 Thread 0x00007f446c050000 Exception <a 'java/lang/InterruptedException': sleep interrupted> (0x00000000eba6db88) thrown at [/build/openjdk-8-8iINie/openjdk-8-8u181-b13/src/hotspot/src/share/vm/prims/jvm.cpp, line 3273]
Event: 3.515 Thread 0x00007f446c04e800 Exception <a 'java/lang/InterruptedException'> (0x00000000ebce2290) thrown at [/build/openjdk-8-8iINie/openjdk-8-8u181-b13/src/hotspot/src/share/vm/runtime/objectMonitor.cpp, line 1684]
Event: 3.516 Thread 0x00007f446c04f000 Exception <a 'java/lang/InterruptedException'> (0x00000000ebdb4168) thrown at [/build/openjdk-8-8iINie/openjdk-8-8u181-b13/src/hotspot/src/share/vm/runtime/objectMonitor.cpp, line 1684]

Events (10 events):
Event: 4.479 Executing VM operation: RevokeBias
Event: 4.479 Executing VM operation: RevokeBias done
Event: 4.479 Thread 0x00007f446c050800 Thread exited: 0x00007f446c050800
Event: 4.481 Executing VM operation: RevokeBias
Event: 4.481 Executing VM operation: RevokeBias done
Event: 4.481 Thread 0x00007f446c029000 Thread exited: 0x00007f446c029000
Event: 4.486 Thread 0x00007f446c029000 Thread added: 0x00007f446c029000
Event: 4.488 Thread 0x00007f4468024000 Uncommon trap: trap_request=0xffffffc6 fr.pc=0x00007f44b578371c
Event: 4.488 Thread 0x00007f4468024000 DEOPT PACKING pc=0x00007f44b578371c sp=0x00007f44ac95e490
Event: 4.488 Thread 0x00007f4468024000 DEOPT UNPACKING pc=0x00007f44b504547a sp=0x00007f44ac95e478 mode 2


Dynamic libraries:
c2600000-de180000 rw-p 00000000 00:00 0 
e4600000-eb780000 ---p 00000000 00:00 0 
eb780000-f8780000 rw-p 00000000 00:00 0 
f8780000-100000000 ---p 00000000 00:00 0 
100000000-1001e0000 rw-p 00000000 00:00 0 
1001e0000-140000000 ---p 00000000 00:00 0 
55c5b7823000-55c5b7824000 r-xp 00000000 08:01 673207                     /usr/lib/jvm/java-8-openjdk-amd64/jre/bin/java
55c5b7a23000-55c5b7a24000 r--p 00000000 08:01 673207                     /usr/lib/jvm/java-8-openjdk-amd64/jre/bin/java
55c5b7a24000-55c5b7a25000 rw-p 00001000 08:01 673207                     /usr/lib/jvm/java-8-openjdk-amd64/jre/bin/java
55c5b7dd7000-55c5b7df8000 rw-p 00000000 00:00 0                          [heap]
7f4450000000-7f4450069000 rw-p 00000000 00:00 0 
7f4450069000-7f4454000000 ---p 00000000 00:00 0 
7f4454000000-7f4454071000 rw-p 00000000 00:00 0 
7f4454071000-7f4458000000 ---p 00000000 00:00 0 
7f4458000000-7f4458021000 rw-p 00000000 00:00 0 
7f4458021000-7f445c000000 ---p 00000000 00:00 0 
7f445c000000-7f445c021000 rw-p 00000000 00:00 0 
7f445c021000-7f4460000000 ---p 00000000 00:00 0 
7f4460000000-7f4460021000 rw-p 00000000 00:00 0 
7f4460021000-7f4464000000 ---p 00000000 00:00 0 
7f4464000000-7f4464066000 rw-p 00000000 00:00 0 
7f4464066000-7f4468000000 ---p 00000000 00:00 0 
7f4468000000-7f446802d000 rw-p 00000000 00:00 0 
7f446802d000-7f446c000000 ---p 00000000 00:00 0 
7f446c000000-7f446c063000 rw-p 00000000 00:00 0 
7f446c063000-7f4470000000 ---p 00000000 00:00 0 
7f4470000000-7f4470021000 rw-p 00000000 00:00 0 
7f4470021000-7f4474000000 ---p 00000000 00:00 0 
7f4474000000-7f4474021000 rw-p 00000000 00:00 0 
7f4474021000-7f4478000000 ---p 00000000 00:00 0 
7f4478000000-7f447862c000 rw-p 00000000 00:00 0 
7f447862c000-7f447c000000 ---p 00000000 00:00 0 
7f447c000000-7f447c021000 rw-p 00000000 00:00 0 
7f447c021000-7f4480000000 ---p 00000000 00:00 0 
7f4480000000-7f44809f3000 rw-p 00000000 00:00 0 
7f44809f3000-7f4484000000 ---p 00000000 00:00 0 
7f4484000000-7f448481a000 rw-p 00000000 00:00 0 
7f448481a000-7f4488000000 ---p 00000000 00:00 0 
7f4488000000-7f4488021000 rw-p 00000000 00:00 0 
7f4488021000-7f448c000000 ---p 00000000 00:00 0 
7f448c000000-7f448c026000 rw-p 00000000 00:00 0 
7f448c026000-7f4490000000 ---p 00000000 00:00 0 
7f4490000000-7f4490021000 rw-p 00000000 00:00 0 
7f4490021000-7f4494000000 ---p 00000000 00:00 0 
7f4494000000-7f4494021000 rw-p 00000000 00:00 0 
7f4494021000-7f4498000000 ---p 00000000 00:00 0 
7f4498000000-7f4498021000 rw-p 00000000 00:00 0 
7f4498021000-7f449c000000 ---p 00000000 00:00 0 
7f449c000000-7f449c021000 rw-p 00000000 00:00 0 
7f449c021000-7f44a0000000 ---p 00000000 00:00 0 
7f44a0000000-7f44a0021000 rw-p 00000000 00:00 0 
7f44a0021000-7f44a4000000 ---p 00000000 00:00 0 
7f44a4fff000-7f44a8000000 rw-p 00000000 00:00 0 
7f44a8000000-7f44a8021000 rw-p 00000000 00:00 0 
7f44a8021000-7f44ac000000 ---p 00000000 00:00 0 
7f44ac059000-7f44ac099000 rw-p 00000000 00:00 0 
7f44ac099000-7f44ac25c000 ---p 00000000 00:00 0 
7f44ac25c000-7f44ac35a000 rw-p 00000000 00:00 0 
7f44ac35a000-7f44ac35d000 ---p 00000000 00:00 0 
7f44ac35d000-7f44ac45b000 rw-p 00000000 00:00 0 
7f44ac45b000-7f44ac45e000 ---p 00000000 00:00 0 
7f44ac45e000-7f44ac55c000 rw-p 00000000 00:00 0 
7f44ac55c000-7f44ac55f000 ---p 00000000 00:00 0 
7f44ac55f000-7f44ac65d000 rw-p 00000000 00:00 0 
7f44ac65d000-7f44ac660000 ---p 00000000 00:00 0 
7f44ac660000-7f44ac75e000 rw-p 00000000 00:00 0 
7f44ac75e000-7f44ac761000 ---p 00000000 00:00 0 
7f44ac761000-7f44ac85f000 rw-p 00000000 00:00 0 
7f44ac85f000-7f44ac862000 ---p 00000000 00:00 0 
7f44ac862000-7f44acb60000 rw-p 00000000 00:00 0 
7f44acb60000-7f44acb65000 r--s 002f9000 08:01 673257                     /usr/lib/jvm/java-8-openjdk-amd64/jre/lib/charsets.jar
7f44acb65000-7f44acb8d000 r-xp 00000000 08:01 673250                     /usr/lib/jvm/java-8-openjdk-amd64/jre/lib/amd64/libsunec.so
7f44acb8d000-7f44acd8c000 ---p 00028000 08:01 673250                     /usr/lib/jvm/java-8-openjdk-amd64/jre/lib/amd64/libsunec.so
7f44acd8c000-7f44acd90000 r--p 00027000 08:01 673250                     /usr/lib/jvm/java-8-openjdk-amd64/jre/lib/amd64/libsunec.so
7f44acd90000-7f44acd91000 rw-p 0002b000 08:01 673250                     /usr/lib/jvm/java-8-openjdk-amd64/jre/lib/amd64/libsunec.so
7f44acd91000-7f44acda2000 r-xp 00000000 08:01 673246                     /usr/lib/jvm/java-8-openjdk-amd64/jre/lib/amd64/libnio.so
7f44acda2000-7f44acfa2000 ---p 00011000 08:01 673246                     /usr/lib/jvm/java-8-openjdk-amd64/jre/lib/amd64/libnio.so
7f44acfa2000-7f44acfa3000 r--p 00011000 08:01 673246                     /usr/lib/jvm/java-8-openjdk-amd64/jre/lib/amd64/libnio.so
7f44acfa3000-7f44acfa4000 rw-p 00012000 08:01 673246                     /usr/lib/jvm/java-8-openjdk-amd64/jre/lib/amd64/libnio.so
7f44acfa4000-7f44ad1a4000 rw-p 00000000 00:00 0 
7f44ad1a4000-7f44ad1a6000 r--s 00016000 08:01 673288                     /usr/lib/jvm/java-8-openjdk-amd64/jre/lib/jce.jar
7f44ad1a6000-7f44ad1ab000 r--s 0009d000 08:01 673290                     /usr/lib/jvm/java-8-openjdk-amd64/jre/lib/jsse.jar
7f44ad1ab000-7f44ad1ac000 r-xp 00000000 08:01 673233                     /usr/lib/jvm/java-8-openjdk-amd64/jre/lib/amd64/libjaas_unix.so
7f44ad1ac000-7f44ad3ab000 ---p 00001000 08:01 673233                     /usr/lib/jvm/java-8-openjdk-amd64/jre/lib/amd64/libjaas_unix.so
7f44ad3ab000-7f44ad3ac000 r--p 00000000 08:01 673233                     /usr/lib/jvm/java-8-openjdk-amd64/jre/lib/amd64/libjaas_unix.so
7f44ad3ac000-7f44ad3ad000 rw-p 00001000 08:01 673233                     /usr/lib/jvm/java-8-openjdk-amd64/jre/lib/amd64/libjaas_unix.so
7f44ad3ad000-7f44ad3ce000 r--p 00000000 08:01 1055699                    /usr/share/locale-langpack/zh_CN/LC_MESSAGES/libc.mo
7f44ad3ce000-7f44ad3d1000 ---p 00000000 00:00 0 
7f44ad3d1000-7f44ad4cf000 rw-p 00000000 00:00 0 
7f44ad4cf000-7f44ad4d2000 ---p 00000000 00:00 0 
7f44ad4d2000-7f44ad708000 rw-p 00000000 00:00 0 
7f44ad708000-7f44ad711000 r-xp 00000000 08:01 673243                     /usr/lib/jvm/java-8-openjdk-amd64/jre/lib/amd64/libmanagement.so
7f44ad711000-7f44ad910000 ---p 00009000 08:01 673243                     /usr/lib/jvm/java-8-openjdk-amd64/jre/lib/amd64/libmanagement.so
7f44ad910000-7f44ad911000 r--p 00008000 08:01 673243                     /usr/lib/jvm/java-8-openjdk-amd64/jre/lib/amd64/libmanagement.so
7f44ad911000-7f44ad912000 rw-p 00009000 08:01 673243                     /usr/lib/jvm/java-8-openjdk-amd64/jre/lib/amd64/libmanagement.so
7f44ad912000-7f44ad913000 ---p 00000000 00:00 0 
7f44ad913000-7f44ada13000 rw-p 00000000 00:00 0 
7f44ada13000-7f44ada16000 ---p 00000000 00:00 0 
7f44ada16000-7f44adb14000 rw-p 00000000 00:00 0 
7f44adb14000-7f44adb2b000 r-xp 00000000 08:01 673245                     /usr/lib/jvm/java-8-openjdk-amd64/jre/lib/amd64/libnet.so
7f44adb2b000-7f44add2a000 ---p 00017000 08:01 673245                     /usr/lib/jvm/java-8-openjdk-amd64/jre/lib/amd64/libnet.so
7f44add2a000-7f44add2b000 r--p 00016000 08:01 673245                     /usr/lib/jvm/java-8-openjdk-amd64/jre/lib/amd64/libnet.so
7f44add2b000-7f44add2c000 rw-p 00017000 08:01 673245                     /usr/lib/jvm/java-8-openjdk-amd64/jre/lib/amd64/libnet.so
7f44add2c000-7f44add2d000 ---p 00000000 00:00 0 
7f44add2d000-7f44add30000 ---p 00000000 00:00 0 
7f44add30000-7f44ade2d000 rw-p 00000000 00:00 0 
7f44ade2d000-7f44ade2e000 ---p 00000000 00:00 0 
7f44ade2e000-7f44ade31000 ---p 00000000 00:00 0 
7f44ade31000-7f44adf2e000 rw-p 00000000 00:00 0 
7f44adf2e000-7f44adf2f000 ---p 00000000 00:00 0 
7f44adf2f000-7f44adf32000 ---p 00000000 00:00 0 
7f44adf32000-7f44ae02f000 rw-p 00000000 00:00 0 
7f44ae02f000-7f44ae032000 ---p 00000000 00:00 0 
7f44ae032000-7f44b0000000 rw-p 00000000 00:00 0 
7f44b0000000-7f44b0021000 rw-p 00000000 00:00 0 
7f44b0021000-7f44b4000000 ---p 00000000 00:00 0 
7f44b4001000-7f44b4008000 r--s 00000000 08:01 792143                     /usr/lib/x86_64-linux-gnu/gconv/gconv-modules.cache
7f44b4008000-7f44b400a000 r--s 0001a000 08:01 395704                     /home/roy/idea-IU-182.4323.46/lib/idea_rt.jar
7f44b400a000-7f44b401c000 r--s 00097000 08:01 530667                     /home/roy/hadoop-2.7.2/share/hadoop/common/lib/apacheds-kerberos-codec-2.0.0-M15.jar
7f44b401c000-7f44b4035000 r--s 00150000 08:01 530670                     /home/roy/hadoop-2.7.2/share/hadoop/common/lib/htrace-core-3.1.0-incubating.jar
7f44b4035000-7f44b4039000 r--s 0002f000 08:01 530700                     /home/roy/hadoop-2.7.2/share/hadoop/common/lib/commons-beanutils-core-1.8.0.jar
7f44b4039000-7f44b4047000 r--s 000b1000 08:01 530677                     /home/roy/hadoop-2.7.2/share/hadoop/common/lib/jackson-mapper-asl-1.9.13.jar
7f44b4047000-7f44b404d000 r--s 00043000 08:01 530673                     /home/roy/hadoop-2.7.2/share/hadoop/common/lib/commons-configuration-1.6.jar
7f44b404d000-7f44b405a000 r--s 00083000 08:01 530669                     /home/roy/hadoop-2.7.2/share/hadoop/common/lib/commons-collections-3.2.2.jar
7f44b405a000-7f44b405c000 r--s 00003000 08:01 530694                     /home/roy/hadoop-2.7.2/share/hadoop/common/lib/hadoop-annotations-2.7.2.jar
7f44b405c000-7f44b4060000 r--s 00035000 08:01 530664                     /home/roy/hadoop-2.7.2/share/hadoop/common/lib/jackson-core-asl-1.9.13.jar
7f44b4060000-7f44b4066000 r--s 00028000 08:01 530666                     /home/roy/hadoop-2.7.2/share/hadoop/common/lib/curator-framework-2.7.1.jar
7f44b4066000-7f44b406b000 r--s 0002a000 08:01 530713                     /home/roy/hadoop-2.7.2/share/hadoop/common/lib/commons-beanutils-1.7.0.jar
7f44b406b000-7f44b406c000 r--s 0000a000 08:01 530671                     /home/roy/hadoop-2.7.2/share/hadoop/common/lib/apacheds-i18n-2.0.0-M15.jar
7f44b406c000-7f44b4072000 r--s 00045000 08:01 530712                     /home/roy/hadoop-2.7.2/share/hadoop/common/lib/commons-httpclient-3.1.jar
7f44b4072000-7f44b4077000 r--s 00036000 08:01 530652                     /home/roy/hadoop-2.7.2/share/hadoop/common/lib/commons-compress-1.4.1.jar
7f44b4077000-7f44b4079000 r--s 00003000 08:01 530702                     /home/roy/hadoop-2.7.2/share/hadoop/common/lib/api-asn1-api-1.0.0-M20.jar
7f44b4079000-7f44b4081000 r--s 0003b000 08:01 530678                     /home/roy/hadoop-2.7.2/share/hadoop/common/lib/curator-recipes-2.7.1.jar
7f44b4081000-7f44b4083000 r--s 0000e000 08:01 530708                     /home/roy/hadoop-2.7.2/share/hadoop/common/lib/commons-logging-1.1.3.jar
7f44b4083000-7f44b4085000 r--s 00001000 08:01 530709                     /home/roy/hadoop-2.7.2/share/hadoop/common/lib/slf4j-log4j12-1.7.10.jar
7f44b4085000-7f44b4086000 r--s 00004000 08:01 530685                     /home/roy/hadoop-2.7.2/share/hadoop/common/lib/jackson-jaxrs-1.9.13.jar
7f44b4086000-7f44b4088000 r--s 0000f000 08:01 530660                     /home/roy/hadoop-2.7.2/share/hadoop/common/lib/curator-client-2.7.1.jar
7f44b4088000-7f44b408c000 r--s 00020000 08:01 530657                     /home/roy/hadoop-2.7.2/share/hadoop/common/lib/commons-digester-1.8.jar
7f44b408c000-7f44b408e000 r--s 000f2000 08:01 530682                     /home/roy/hadoop-2.7.2/share/hadoop/common/lib/snappy-java-1.0.4.1.jar
7f44b408e000-7f44b4096000 r--s 0007b000 08:01 530697                     /home/roy/hadoop-2.7.2/share/hadoop/common/lib/protobuf-java-2.5.0.jar
7f44b4096000-7f44b4097000 r--s 00004000 08:01 530659                     /home/roy/hadoop-2.7.2/share/hadoop/common/lib/java-xmlbuilder-0.4.jar
7f44b4097000-7f44b40b4000 r--s 0016a000 08:01 530680                     /home/roy/hadoop-2.7.2/share/hadoop/common/lib/commons-math3-3.1.1.jar
7f44b40b4000-7f44b40b6000 r--s 00012000 08:01 530686                     /home/roy/hadoop-2.7.2/share/hadoop/common/lib/api-util-1.0.0-M20.jar
7f44b40b6000-7f44b40cd000 r--s 0010e000 08:01 530668                     /home/roy/hadoop-2.7.2/share/hadoop/common/lib/netty-3.6.2.Final.jar
7f44b40cd000-7f44b40ea000 r--s 0013e000 08:01 530679                     /home/roy/hadoop-2.7.2/share/hadoop/common/lib/mockito-all-1.8.5.jar
7f44b40ea000-7f44b40ee000 r--s 00028000 08:01 530661                     /home/roy/hadoop-2.7.2/share/hadoop/common/lib/jetty-util-6.1.26.jar
7f44b40ee000-7f44b4100000 r--s 0009d000 08:01 530653                     /home/roy/hadoop-2.7.2/share/hadoop/common/lib/jersey-server-1.9.jar
7f44b4100000-7f44b4113000 r--s 000c7000 08:01 530665                     /home/roy/hadoop-2.7.2/share/hadoop/common/lib/jaxb-impl-2.2.3-1.jar
7f44b4113000-7f44b4114000 r--s 00006000 08:01 530693                     /home/roy/hadoop-2.7.2/share/hadoop/common/lib/jackson-xc-1.9.13.jar
7f44b4114000-7f44b4116000 r--s 00009000 08:01 530710                     /home/roy/hadoop-2.7.2/share/hadoop/common/lib/hamcrest-core-1.3.jar
7f44b4116000-7f44b4119000 r--s 0000f000 08:01 530656                     /home/roy/hadoop-2.7.2/share/hadoop/common/lib/hadoop-auth-2.7.2.jar
7f44b4119000-7f44b411b000 r--s 0000d000 08:01 530676                     /home/roy/hadoop-2.7.2/share/hadoop/common/lib/commons-codec-1.4.jar
7f44b411b000-7f44b411c000 r--s 00007000 08:01 530711                     /home/roy/hadoop-2.7.2/share/hadoop/common/lib/slf4j-api-1.7.10.jar
7f44b411c000-7f44b4125000 r--s 00061000 08:01 530688                     /home/roy/hadoop-2.7.2/share/hadoop/common/lib/httpclient-4.2.5.jar
7f44b4125000-7f44b412a000 r--s 00041000 08:01 530691                     /home/roy/hadoop-2.7.2/share/hadoop/common/lib/commons-lang-2.6.jar
7f44b412a000-7f44b4136000 r--s 000b6000 08:01 530690                     /home/roy/hadoop-2.7.2/share/hadoop/common/lib/zookeeper-3.4.6.jar
7f44b4136000-7f44b4138000 r--s 00018000 08:01 530701                     /home/roy/hadoop-2.7.2/share/hadoop/common/lib/servlet-api-2.5.jar
7f44b4138000-7f44b413c000 r--s 00021000 08:01 530696                     /home/roy/hadoop-2.7.2/share/hadoop/common/lib/jersey-json-1.9.jar
7f44b413c000-7f44b4146000 r--s 00066000 08:01 530655                     /home/roy/hadoop-2.7.2/share/hadoop/common/lib/jersey-core-1.9.jar
7f44b4146000-7f44b414b000 r--s 0003e000 08:01 530681                     /home/roy/hadoop-2.7.2/share/hadoop/common/lib/commons-net-3.1.jar
7f44b414b000-7f44b414d000 r--s 00009000 08:01 530704                     /home/roy/hadoop-2.7.2/share/hadoop/common/lib/commons-cli-1.2.jar
7f44b414d000-7f44b414f000 r--s 00004000 08:01 530684                     /home/roy/hadoop-2.7.2/share/hadoop/common/lib/stax-api-1.0-2.jar
7f44b414f000-7f44b4152000 r--s 00017000 08:01 530695                     /home/roy/hadoop-2.7.2/share/hadoop/common/lib/jaxb-api-2.2.2.jar
7f44b4152000-7f44b4158000 r--s 00032000 08:01 530698                     /home/roy/hadoop-2.7.2/share/hadoop/common/lib/httpcore-4.2.5.jar
7f44b4158000-7f44b415c000 r--s 0002a000 08:01 530675                     /home/roy/hadoop-2.7.2/share/hadoop/common/lib/commons-io-2.4.jar
7f44b415c000-7f44b415e000 r--s 0000e000 08:01 530663                     /home/roy/hadoop-2.7.2/share/hadoop/common/lib/activation-1.1.jar
7f44b415e000-7f44b4160000 r--s 00006000 08:01 530714                     /home/roy/hadoop-2.7.2/share/hadoop/common/lib/paranamer-2.3.jar
7f44b4160000-7f44b4169000 r--s 0006f000 08:01 530658                     /home/roy/hadoop-2.7.2/share/hadoop/common/lib/log4j-1.2.17.jar
7f44b4169000-7f44b416c000 r--s 00006000 08:01 530707                     /home/roy/hadoop-2.7.2/share/hadoop/common/lib/jsr305-3.0.0.jar
7f44b416c000-7f44b4173000 r--s 0007d000 08:01 530672                     /home/roy/hadoop-2.7.2/share/hadoop/common/lib/jetty-6.1.26.jar
7f44b4173000-7f44b4175000 r--s 0000f000 08:01 530706                     /home/roy/hadoop-2.7.2/share/hadoop/common/lib/jettison-1.1.jar
7f44b4175000-7f44b417e000 r--s 0007b000 08:01 530654                     /home/roy/hadoop-2.7.2/share/hadoop/common/lib/jets3t-0.9.0.jar
7f44b417e000-7f44b419f000 r--s 00172000 08:01 530689                     /home/roy/hadoop-2.7.2/share/hadoop/common/lib/guava-11.0.2.jar
7f44b419f000-7f44b41a0000 r--s 00003000 08:01 530662                     /home/roy/hadoop-2.7.2/share/hadoop/common/lib/xmlenc-0.52.jar
7f44b41a0000-7f44b41a3000 r--s 00016000 08:01 530687                     /home/roy/hadoop-2.7.2/share/hadoop/common/lib/jsp-api-2.1.jar
7f44b41a3000-7f44b41a6000 r--s 0002b000 08:01 530683                     /home/roy/hadoop-2.7.2/share/hadoop/common/lib/jsch-0.1.42.jar
7f44b41a6000-7f44b41ac000 r--s 00036000 08:01 530705                     /home/roy/hadoop-2.7.2/share/hadoop/common/lib/junit-4.11.jar
7f44b41ac000-7f44b41b1000 r--s 0002a000 08:01 530703                     /home/roy/hadoop-2.7.2/share/hadoop/common/lib/gson-2.2.4.jar
7f44b41b1000-7f44b41b8000 r--s 00044000 08:01 530699                     /home/roy/hadoop-2.7.2/share/hadoop/common/lib/avro-1.7.4.jar
7f44b41b8000-7f44b41b9000 r--s 0000a000 08:01 530674                     /home/roy/hadoop-2.7.2/share/hadoop/common/lib/asm-3.2.jar
7f44b41b9000-7f44b41bd000 r--s 00014000 08:01 530692                     /home/roy/hadoop-2.7.2/share/hadoop/common/lib/xz-1.0.jar
7f44b41bd000-7f44b41be000 r--s 00003000 08:01 530601                     /home/roy/hadoop-2.7.2/share/hadoop/yarn/hadoop-yarn-applications-unmanaged-am-launcher-2.7.2.jar
7f44b41be000-7f44b41c2000 r--s 0002c000 08:01 530557                     /home/roy/hadoop-2.7.2/share/hadoop/yarn/hadoop-yarn-server-applicationhistoryservice-2.7.2.jar
7f44b41c2000-7f44b41c4000 r--s 0000a000 08:01 530600                     /home/roy/hadoop-2.7.2/share/hadoop/yarn/hadoop-yarn-applications-distributedshell-2.7.2.jar
7f44b41c4000-7f44b41c6000 r--s 0000b000 08:01 530560                     /home/roy/hadoop-2.7.2/share/hadoop/yarn/hadoop-yarn-server-sharedcachemanager-2.7.2.jar
7f44b41c6000-7f44b41db000 r--s 0011b000 08:01 530559                     /home/roy/hadoop-2.7.2/share/hadoop/yarn/hadoop-yarn-server-resourcemanager-2.7.2.jar
7f44b41db000-7f44b41e9000 r--s 0009b000 08:01 530606                     /home/roy/hadoop-2.7.2/share/hadoop/yarn/hadoop-yarn-server-nodemanager-2.7.2.jar
7f44b41e9000-7f44b41eb000 r--s 00007000 08:01 530558                     /home/roy/hadoop-2.7.2/share/hadoop/yarn/hadoop-yarn-server-web-proxy-2.7.2.jar
7f44b41eb000-7f44b41f2000 r--s 00052000 08:01 530605                     /home/roy/hadoop-2.7.2/share/hadoop/yarn/hadoop-yarn-server-common-2.7.2.jar
7f44b41f2000-7f44b41f4000 r--s 00008000 08:01 530607                     /home/roy/hadoop-2.7.2/share/hadoop/yarn/hadoop-yarn-server-tests-2.7.2.jar
7f44b41f4000-7f44b41f7000 r--s 00015000 08:01 530602                     /home/roy/hadoop-2.7.2/share/hadoop/yarn/hadoop-yarn-registry-2.7.2.jar
7f44b41f7000-7f44b420f000 r--s 0017d000 08:01 530604                     /home/roy/hadoop-2.7.2/share/hadoop/yarn/hadoop-yarn-common-2.7.2.jar
7f44b420f000-7f44b4212000 r--s 00020000 08:01 530603                     /home/roy/hadoop-2.7.2/share/hadoop/yarn/hadoop-yarn-client-2.7.2.jar
7f44b4212000-7f44b422f000 r--s 001ce000 08:01 530556                     /home/roy/hadoop-2.7.2/share/hadoop/yarn/hadoop-yarn-api-2.7.2.jar
7f44b422f000-7f44b4253000 r--s 002f8000 08:01 406518                     /home/roy/hadoop-2.7.2/share/hadoop/hdfs/hadoop-hdfs-2.7.2-tests.jar
7f44b4253000-7f44b4256000 r--s 00017000 08:01 406597                     /home/roy/hadoop-2.7.2/share/hadoop/hdfs/hadoop-hdfs-nfs-2.7.2.jar
7f44b4256000-7f44b42c0000 r--s 00774000 08:01 406570                     /home/roy/hadoop-2.7.2/share/hadoop/hdfs/hadoop-hdfs-2.7.2.jar
7f44b42c0000-7f44b42d7000 r--s 00160000 08:01 530221                     /home/roy/hadoop-2.7.2/share/hadoop/mapreduce/hadoop-mapreduce-client-jobclient-2.7.2-tests.jar
7f44b42d7000-7f44b42d9000 r--s 00000000 08:01 530219                     /home/roy/hadoop-2.7.2/share/hadoop/mapreduce/hadoop-mapreduce-client-hs-plugins-2.7.2.jar
7f44b42d9000-7f44b42db000 r--s 00008000 08:01 530251                     /home/roy/hadoop-2.7.2/share/hadoop/mapreduce/hadoop-mapreduce-client-jobclient-2.7.2.jar
7f44b42db000-7f44b42dd000 r--s 0000a000 08:01 530223                     /home/roy/hadoop-2.7.2/share/hadoop/mapreduce/hadoop-mapreduce-client-shuffle-2.7.2.jar
7f44b42dd000-7f44b42ea000 r--s 000ab000 08:01 530220                     /home/roy/hadoop-2.7.2/share/hadoop/mapreduce/hadoop-mapreduce-client-common-2.7.2.jar
7f44b42ea000-7f44b4302000 r--s 0015e000 08:01 530248                     /home/roy/hadoop-2.7.2/share/hadoop/mapreduce/hadoop-mapreduce-client-core-2.7.2.jar
7f44b4302000-7f44b430c000 r--s 00074000 08:01 530252                     /home/roy/hadoop-2.7.2/share/hadoop/mapreduce/hadoop-mapreduce-client-app-2.7.2.jar
7f44b430c000-7f44b4311000 r--s 0003e000 08:01 530218                     /home/roy/hadoop-2.7.2/share/hadoop/mapreduce/hadoop-mapreduce-examples-2.7.2.jar
7f44b4311000-7f44b432e000 r--s 001ad000 08:01 530715                     /home/roy/hadoop-2.7.2/share/hadoop/common/hadoop-common-2.7.2-tests.jar
7f44b432e000-7f44b4331000 ---p 00000000 00:00 0 
7f44b4331000-7f44b442f000 rw-p 00000000 00:00 0 
7f44b442f000-7f44b4dfe000 r--p 00000000 08:01 662271                     /usr/lib/locale/locale-archive
7f44b4dfe000-7f44b4e01000 ---p 00000000 00:00 0 
7f44b4e01000-7f44b4eff000 rw-p 00000000 00:00 0 
7f44b4eff000-7f44b4f02000 ---p 00000000 00:00 0 
7f44b4f02000-7f44b5000000 rw-p 00000000 00:00 0 
7f44b5000000-7f44b5970000 rwxp 00000000 00:00 0 
7f44b5970000-7f44c4000000 ---p 00000000 00:00 0 
7f44c4000000-7f44c49b6000 rw-p 00000000 00:00 0 
7f44c49b6000-7f44c8000000 ---p 00000000 00:00 0 
7f44c8000000-7f44c8003000 r--s 00025000 08:01 530222                     /home/roy/hadoop-2.7.2/share/hadoop/mapreduce/hadoop-mapreduce-client-hs-2.7.2.jar
7f44c8003000-7f44c803a000 r--s 00312000 08:01 530632                     /home/roy/hadoop-2.7.2/share/hadoop/common/hadoop-common-2.7.2.jar
7f44c803a000-7f44c803e000 r--s 00023000 08:01 530631                     /home/roy/hadoop-2.7.2/share/hadoop/common/hadoop-nfs-2.7.2.jar
7f44c803e000-7f44c8051000 r--s 00346000 08:01 673295                     /usr/lib/jvm/java-8-openjdk-amd64/jre/lib/resources.jar
7f44c8051000-7f44c8052000 r--s 00000000 08:01 673293                     /usr/lib/jvm/java-8-openjdk-amd64/jre/lib/management-agent.jar
7f44c8052000-7f44c8057000 r--s 0009d000 08:01 673290                     /usr/lib/jvm/java-8-openjdk-amd64/jre/lib/jsse.jar
7f44c8057000-7f44c8059000 r--s 00016000 08:01 673288                     /usr/lib/jvm/java-8-openjdk-amd64/jre/lib/jce.jar
7f44c8059000-7f44c805e000 r--s 002f9000 08:01 673257                     /usr/lib/jvm/java-8-openjdk-amd64/jre/lib/charsets.jar
7f44c805e000-7f44c8068000 r--s 00116000 08:01 673271                     /usr/lib/jvm/java-8-openjdk-amd64/jre/lib/ext/localedata.jar
7f44c8068000-7f44c8083000 r--s 001d6000 08:01 673272                     /usr/lib/jvm/java-8-openjdk-amd64/jre/lib/ext/nashorn.jar
7f44c8083000-7f44c8089000 r--s 0003b000 08:01 673274                     /usr/lib/jvm/java-8-openjdk-amd64/jre/lib/ext/sunjce_provider.jar
7f44c8089000-7f44c80a4000 r--s 00394000 08:01 673267                     /usr/lib/jvm/java-8-openjdk-amd64/jre/lib/ext/cldrdata.jar
7f44c80a4000-7f44c80a5000 ---p 00000000 00:00 0 
7f44c80a5000-7f44c9102000 rw-p 00000000 00:00 0 
7f44c9102000-7f44c92d1000 r--s 03c32000 08:01 673296                     /usr/lib/jvm/java-8-openjdk-amd64/jre/lib/rt.jar
7f44c92d1000-7f44c9cbe000 rw-p 00000000 00:00 0 
7f44c9cbe000-7f44c9cbf000 ---p 00000000 00:00 0 
7f44c9cbf000-7f44c9dbf000 rw-p 00000000 00:00 0 
7f44c9dbf000-7f44c9dc0000 ---p 00000000 00:00 0 
7f44c9dc0000-7f44c9ec0000 rw-p 00000000 00:00 0 
7f44c9ec0000-7f44c9ec1000 ---p 00000000 00:00 0 
7f44c9ec1000-7f44c9fc1000 rw-p 00000000 00:00 0 
7f44c9fc1000-7f44c9fc2000 ---p 00000000 00:00 0 
7f44c9fc2000-7f44ca1a0000 rw-p 00000000 00:00 0 
7f44ca1a0000-7f44ca20b000 ---p 00000000 00:00 0 
7f44ca20b000-7f44ca2e9000 rw-p 00000000 00:00 0 
7f44ca2e9000-7f44ca353000 ---p 00000000 00:00 0 
7f44ca353000-7f44ca3bc000 rw-p 00000000 00:00 0 
7f44ca3bc000-7f44ca3f8000 ---p 00000000 00:00 0 
7f44ca3f8000-7f44ca41f000 rw-p 00000000 00:00 0 
7f44ca41f000-7f44ca7b9000 ---p 00000000 00:00 0 
7f44ca7b9000-7f44ca7c1000 r-xp 00000000 08:01 673253                     /usr/lib/jvm/java-8-openjdk-amd64/jre/lib/amd64/libzip.so
7f44ca7c1000-7f44ca9c0000 ---p 00008000 08:01 673253                     /usr/lib/jvm/java-8-openjdk-amd64/jre/lib/amd64/libzip.so
7f44ca9c0000-7f44ca9c1000 r--p 00007000 08:01 673253                     /usr/lib/jvm/java-8-openjdk-amd64/jre/lib/amd64/libzip.so
7f44ca9c1000-7f44ca9c2000 rw-p 00008000 08:01 673253                     /usr/lib/jvm/java-8-openjdk-amd64/jre/lib/amd64/libzip.so
7f44ca9c2000-7f44ca9cd000 r-xp 00000000 08:01 1578777                    /lib/x86_64-linux-gnu/libnss_files-2.27.so
7f44ca9cd000-7f44cabcc000 ---p 0000b000 08:01 1578777                    /lib/x86_64-linux-gnu/libnss_files-2.27.so
7f44cabcc000-7f44cabcd000 r--p 0000a000 08:01 1578777                    /lib/x86_64-linux-gnu/libnss_files-2.27.so
7f44cabcd000-7f44cabce000 rw-p 0000b000 08:01 1578777                    /lib/x86_64-linux-gnu/libnss_files-2.27.so
7f44cabce000-7f44cabd4000 rw-p 00000000 00:00 0 
7f44cabd4000-7f44cabeb000 r-xp 00000000 08:01 1578771                    /lib/x86_64-linux-gnu/libnsl-2.27.so
7f44cabeb000-7f44cadea000 ---p 00017000 08:01 1578771                    /lib/x86_64-linux-gnu/libnsl-2.27.so
7f44cadea000-7f44cadeb000 r--p 00016000 08:01 1578771                    /lib/x86_64-linux-gnu/libnsl-2.27.so
7f44cadeb000-7f44cadec000 rw-p 00017000 08:01 1578771                    /lib/x86_64-linux-gnu/libnsl-2.27.so
7f44cadec000-7f44cadee000 rw-p 00000000 00:00 0 
7f44cadee000-7f44cadf9000 r-xp 00000000 08:01 1578788                    /lib/x86_64-linux-gnu/libnss_nis-2.27.so
7f44cadf9000-7f44caff8000 ---p 0000b000 08:01 1578788                    /lib/x86_64-linux-gnu/libnss_nis-2.27.so
7f44caff8000-7f44caff9000 r--p 0000a000 08:01 1578788                    /lib/x86_64-linux-gnu/libnss_nis-2.27.so
7f44caff9000-7f44caffa000 rw-p 0000b000 08:01 1578788                    /lib/x86_64-linux-gnu/libnss_nis-2.27.so
7f44caffa000-7f44cb002000 r-xp 00000000 08:01 1578773                    /lib/x86_64-linux-gnu/libnss_compat-2.27.so
7f44cb002000-7f44cb202000 ---p 00008000 08:01 1578773                    /lib/x86_64-linux-gnu/libnss_compat-2.27.so
7f44cb202000-7f44cb203000 r--p 00008000 08:01 1578773                    /lib/x86_64-linux-gnu/libnss_compat-2.27.so
7f44cb203000-7f44cb204000 rw-p 00009000 08:01 1578773                    /lib/x86_64-linux-gnu/libnss_compat-2.27.so
7f44cb204000-7f44cb20e000 r-xp 00000000 08:01 673229                     /usr/lib/jvm/java-8-openjdk-amd64/jre/lib/amd64/libinstrument.so
7f44cb20e000-7f44cb40d000 ---p 0000a000 08:01 673229                     /usr/lib/jvm/java-8-openjdk-amd64/jre/lib/amd64/libinstrument.so
7f44cb40d000-7f44cb40e000 r--p 00009000 08:01 673229                     /usr/lib/jvm/java-8-openjdk-amd64/jre/lib/amd64/libinstrument.so
7f44cb40e000-7f44cb40f000 rw-p 0000a000 08:01 673229                     /usr/lib/jvm/java-8-openjdk-amd64/jre/lib/amd64/libinstrument.so
7f44cb40f000-7f44cb43d000 r-xp 00000000 08:01 673234                     /usr/lib/jvm/java-8-openjdk-amd64/jre/lib/amd64/libjava.so
7f44cb43d000-7f44cb63c000 ---p 0002e000 08:01 673234                     /usr/lib/jvm/java-8-openjdk-amd64/jre/lib/amd64/libjava.so
7f44cb63c000-7f44cb63d000 r--p 0002d000 08:01 673234                     /usr/lib/jvm/java-8-openjdk-amd64/jre/lib/amd64/libjava.so
7f44cb63d000-7f44cb63f000 rw-p 0002e000 08:01 673234                     /usr/lib/jvm/java-8-openjdk-amd64/jre/lib/amd64/libjava.so
7f44cb63f000-7f44cb64f000 r-xp 00000000 08:01 673252                     /usr/lib/jvm/java-8-openjdk-amd64/jre/lib/amd64/libverify.so
7f44cb64f000-7f44cb84e000 ---p 00010000 08:01 673252                     /usr/lib/jvm/java-8-openjdk-amd64/jre/lib/amd64/libverify.so
7f44cb84e000-7f44cb850000 r--p 0000f000 08:01 673252                     /usr/lib/jvm/java-8-openjdk-amd64/jre/lib/amd64/libverify.so
7f44cb850000-7f44cb851000 rw-p 00011000 08:01 673252                     /usr/lib/jvm/java-8-openjdk-amd64/jre/lib/amd64/libverify.so
7f44cb851000-7f44cb858000 r-xp 00000000 08:01 1578828                    /lib/x86_64-linux-gnu/librt-2.27.so
7f44cb858000-7f44cba57000 ---p 00007000 08:01 1578828                    /lib/x86_64-linux-gnu/librt-2.27.so
7f44cba57000-7f44cba58000 r--p 00006000 08:01 1578828                    /lib/x86_64-linux-gnu/librt-2.27.so
7f44cba58000-7f44cba59000 rw-p 00007000 08:01 1578828                    /lib/x86_64-linux-gnu/librt-2.27.so
7f44cba59000-7f44cba70000 r-xp 00000000 08:01 1578724                    /lib/x86_64-linux-gnu/libgcc_s.so.1
7f44cba70000-7f44cbc6f000 ---p 00017000 08:01 1578724                    /lib/x86_64-linux-gnu/libgcc_s.so.1
7f44cbc6f000-7f44cbc70000 r--p 00016000 08:01 1578724                    /lib/x86_64-linux-gnu/libgcc_s.so.1
7f44cbc70000-7f44cbc71000 rw-p 00017000 08:01 1578724                    /lib/x86_64-linux-gnu/libgcc_s.so.1
7f44cbc71000-7f44cbe0e000 r-xp 00000000 08:01 1578750                    /lib/x86_64-linux-gnu/libm-2.27.so
7f44cbe0e000-7f44cc00d000 ---p 0019d000 08:01 1578750                    /lib/x86_64-linux-gnu/libm-2.27.so
7f44cc00d000-7f44cc00e000 r--p 0019c000 08:01 1578750                    /lib/x86_64-linux-gnu/libm-2.27.so
7f44cc00e000-7f44cc00f000 rw-p 0019d000 08:01 1578750                    /lib/x86_64-linux-gnu/libm-2.27.so
7f44cc00f000-7f44cc18d000 r-xp 00000000 08:01 666723                     /usr/lib/x86_64-linux-gnu/libstdc++.so.6.0.25
7f44cc18d000-7f44cc38d000 ---p 0017e000 08:01 666723                     /usr/lib/x86_64-linux-gnu/libstdc++.so.6.0.25
7f44cc38d000-7f44cc397000 r--p 0017e000 08:01 666723                     /usr/lib/x86_64-linux-gnu/libstdc++.so.6.0.25
7f44cc397000-7f44cc399000 rw-p 00188000 08:01 666723                     /usr/lib/x86_64-linux-gnu/libstdc++.so.6.0.25
7f44cc399000-7f44cc39d000 rw-p 00000000 00:00 0 
7f44cc39d000-7f44cd032000 r-xp 00000000 08:01 673256                     /usr/lib/jvm/java-8-openjdk-amd64/jre/lib/amd64/server/libjvm.so
7f44cd032000-7f44cd231000 ---p 00c95000 08:01 673256                     /usr/lib/jvm/java-8-openjdk-amd64/jre/lib/amd64/server/libjvm.so
7f44cd231000-7f44cd2c5000 r--p 00c94000 08:01 673256                     /usr/lib/jvm/java-8-openjdk-amd64/jre/lib/amd64/server/libjvm.so
7f44cd2c5000-7f44cd2ed000 rw-p 00d28000 08:01 673256                     /usr/lib/jvm/java-8-openjdk-amd64/jre/lib/amd64/server/libjvm.so
7f44cd2ed000-7f44cd31e000 rw-p 00000000 00:00 0 
7f44cd31e000-7f44cd338000 r-xp 00000000 08:01 1578820                    /lib/x86_64-linux-gnu/libpthread-2.27.so
7f44cd338000-7f44cd537000 ---p 0001a000 08:01 1578820                    /lib/x86_64-linux-gnu/libpthread-2.27.so
7f44cd537000-7f44cd538000 r--p 00019000 08:01 1578820                    /lib/x86_64-linux-gnu/libpthread-2.27.so
7f44cd538000-7f44cd539000 rw-p 0001a000 08:01 1578820                    /lib/x86_64-linux-gnu/libpthread-2.27.so
7f44cd539000-7f44cd53d000 rw-p 00000000 00:00 0 
7f44cd53d000-7f44cd540000 r-xp 00000000 08:01 1578710                    /lib/x86_64-linux-gnu/libdl-2.27.so
7f44cd540000-7f44cd73f000 ---p 00003000 08:01 1578710                    /lib/x86_64-linux-gnu/libdl-2.27.so
7f44cd73f000-7f44cd740000 r--p 00002000 08:01 1578710                    /lib/x86_64-linux-gnu/libdl-2.27.so
7f44cd740000-7f44cd741000 rw-p 00003000 08:01 1578710                    /lib/x86_64-linux-gnu/libdl-2.27.so
7f44cd741000-7f44cd75d000 r-xp 00000000 08:01 1578859                    /lib/x86_64-linux-gnu/libz.so.1.2.11
7f44cd75d000-7f44cd95c000 ---p 0001c000 08:01 1578859                    /lib/x86_64-linux-gnu/libz.so.1.2.11
7f44cd95c000-7f44cd95d000 r--p 0001b000 08:01 1578859                    /lib/x86_64-linux-gnu/libz.so.1.2.11
7f44cd95d000-7f44cd95e000 rw-p 0001c000 08:01 1578859                    /lib/x86_64-linux-gnu/libz.so.1.2.11
7f44cd95e000-7f44cdb45000 r-xp 00000000 08:01 1578687                    /lib/x86_64-linux-gnu/libc-2.27.so
7f44cdb45000-7f44cdd45000 ---p 001e7000 08:01 1578687                    /lib/x86_64-linux-gnu/libc-2.27.so
7f44cdd45000-7f44cdd49000 r--p 001e7000 08:01 1578687                    /lib/x86_64-linux-gnu/libc-2.27.so
7f44cdd49000-7f44cdd4b000 rw-p 001eb000 08:01 1578687                    /lib/x86_64-linux-gnu/libc-2.27.so
7f44cdd4b000-7f44cdd4f000 rw-p 00000000 00:00 0 
7f44cdd4f000-7f44cdd5d000 r-xp 00000000 08:01 673220                     /usr/lib/jvm/java-8-openjdk-amd64/jre/lib/amd64/jli/libjli.so
7f44cdd5d000-7f44cdf5c000 ---p 0000e000 08:01 673220                     /usr/lib/jvm/java-8-openjdk-amd64/jre/lib/amd64/jli/libjli.so
7f44cdf5c000-7f44cdf5d000 r--p 0000d000 08:01 673220                     /usr/lib/jvm/java-8-openjdk-amd64/jre/lib/amd64/jli/libjli.so
7f44cdf5d000-7f44cdf5e000 rw-p 0000e000 08:01 673220                     /usr/lib/jvm/java-8-openjdk-amd64/jre/lib/amd64/jli/libjli.so
7f44cdf5e000-7f44cdf85000 r-xp 00000000 08:01 1578659                    /lib/x86_64-linux-gnu/ld-2.27.so
7f44cdf85000-7f44cdf86000 r--s 0000a000 08:01 673270                     /usr/lib/jvm/java-8-openjdk-amd64/jre/lib/ext/jaccess.jar
7f44cdf86000-7f44cdf88000 r--s 00001000 08:01 673268                     /usr/lib/jvm/java-8-openjdk-amd64/jre/lib/ext/dnsns.jar
7f44cdf88000-7f44ce06d000 rw-p 00000000 00:00 0 
7f44ce06d000-7f44ce06e000 ---p 00000000 00:00 0 
7f44ce06e000-7f44ce071000 ---p 00000000 00:00 0 
7f44ce071000-7f44ce170000 rw-p 00000000 00:00 0 
7f44ce170000-7f44ce173000 r--s 00038000 08:01 673275                     /usr/lib/jvm/java-8-openjdk-amd64/jre/lib/ext/sunpkcs11.jar
7f44ce173000-7f44ce175000 r--s 00008000 08:01 673273                     /usr/lib/jvm/java-8-openjdk-amd64/jre/lib/ext/sunec.jar
7f44ce175000-7f44ce176000 r--s 00010000 08:01 673276                     /usr/lib/jvm/java-8-openjdk-amd64/jre/lib/ext/zipfs.jar
7f44ce176000-7f44ce179000 r--s 0000f000 08:01 673269                     /usr/lib/jvm/java-8-openjdk-amd64/jre/lib/ext/icedtea-sound.jar
7f44ce179000-7f44ce181000 rw-s 00000000 08:01 674733                     /tmp/hsperfdata_roy/12769
7f44ce181000-7f44ce182000 rw-p 00000000 00:00 0 
7f44ce182000-7f44ce183000 r--p 00000000 00:00 0 
7f44ce183000-7f44ce185000 rw-p 00000000 00:00 0 
7f44ce185000-7f44ce186000 r--p 00027000 08:01 1578659                    /lib/x86_64-linux-gnu/ld-2.27.so
7f44ce186000-7f44ce187000 rw-p 00028000 08:01 1578659                    /lib/x86_64-linux-gnu/ld-2.27.so
7f44ce187000-7f44ce188000 rw-p 00000000 00:00 0 
7ffe82b17000-7ffe82b3a000 rw-p 00000000 00:00 0                          [stack]
7ffe82b73000-7ffe82b76000 r--p 00000000 00:00 0                          [vvar]
7ffe82b76000-7ffe82b78000 r-xp 00000000 00:00 0                          [vdso]
ffffffffff600000-ffffffffff601000 r-xp 00000000 00:00 0                  [vsyscall]

VM Arguments:
jvm_args: -javaagent:/home/roy/idea-IU-182.4323.46/lib/idea_rt.jar=43401:/home/roy/idea-IU-182.4323.46/bin -Dfile.encoding=UTF-8 
java_command: TFIDF /home/roy/IdeaProjects/hadoop/input /home/roy/IdeaProjects/hadoop/mid 10 /home/roy/IdeaProjects/hadoop/output
java_class_path (initial): /usr/lib/jvm/java-8-openjdk-amd64/jre/lib/charsets.jar:/usr/lib/jvm/java-8-openjdk-amd64/jre/lib/ext/cldrdata.jar:/usr/lib/jvm/java-8-openjdk-amd64/jre/lib/ext/dnsns.jar:/usr/lib/jvm/java-8-openjdk-amd64/jre/lib/ext/icedtea-sound.jar:/usr/lib/jvm/java-8-openjdk-amd64/jre/lib/ext/jaccess.jar:/usr/lib/jvm/java-8-openjdk-amd64/jre/lib/ext/localedata.jar:/usr/lib/jvm/java-8-openjdk-amd64/jre/lib/ext/nashorn.jar:/usr/lib/jvm/java-8-openjdk-amd64/jre/lib/ext/sunec.jar:/usr/lib/jvm/java-8-openjdk-amd64/jre/lib/ext/sunjce_provider.jar:/usr/lib/jvm/java-8-openjdk-amd64/jre/lib/ext/sunpkcs11.jar:/usr/lib/jvm/java-8-openjdk-amd64/jre/lib/ext/zipfs.jar:/usr/lib/jvm/java-8-openjdk-amd64/jre/lib/jce.jar:/usr/lib/jvm/java-8-openjdk-amd64/jre/lib/jsse.jar:/usr/lib/jvm/java-8-openjdk-amd64/jre/lib/management-agent.jar:/usr/lib/jvm/java-8-openjdk-amd64/jre/lib/resources.jar:/usr/lib/jvm/java-8-openjdk-amd64/jre/lib/rt.jar:/home/roy/IdeaProjects/hadoop/out/production/hadoop:/home/roy/hadoop-2.7.2/share/hadoop/common/hadoop-nfs-2.7.2.jar:/home/roy/hadoop-2.7.2/share/hadoop/common/hadoop-common-2.7.2.jar:/home/roy/hadoop-2.7.2/share/hadoop/common/hadoop-common-2.7.2-tests.jar:/home/roy/hadoop-2.7.2/share/hadoop/mapreduce/hadoop-mapreduce-examples-2.7.2.jar:/home/roy/hadoop-2.7.2/share/hadoop/mapreduce/hadoop-mapreduce-client-hs-2.7.2.jar:/home/roy/hadoop-2.7.2/share/hadoop/mapreduce/hadoop-mapreduce-client-app-2.7.2.jar:/home/roy/hadoop-2.7.2/share/hadoop/mapreduce/hadoop-mapreduce-client-core-2.7.2.jar:/home/roy/hadoop-2.7.2/share/hadoop/mapreduce/hadoop-mapreduce-client-common-2.7.2.jar:/home/roy/hadoop-2.7.2/share/hadoop/mapreduce/hadoop-mapreduce-client-shuffle-2.7.2.jar:/home/roy/hadoop-2.7.2/share/hadoop/mapreduce/hadoop-mapreduce-client-jobclient-2.7.2.jar:/home/roy/hadoop-2.7.2/share/hadoop/mapreduce/hadoop-mapreduce-client-hs-plugins-2.7.2.jar:/home/roy/hadoop-2.7.2/share/hadoop/mapreduce/hadoop-mapreduce-client-jobclient-2.7.2-tests.jar:/home/roy/h
Launcher Type: SUN_STANDARD

Environment Variables:
PATH=/usr/local/sbin:/usr/local/bin:/usr/sbin:/usr/bin:/sbin:/bin:/usr/games:/usr/local/games:/snap/bin
USERNAME=roy
SHELL=/bin/bash
DISPLAY=:0

Signal Handlers:
SIGSEGV: [libjvm.so+0xaaf3a0], sa_mask[0]=11111111011111111101111111111110, sa_flags=SA_RESTART|SA_SIGINFO
SIGBUS: [libjvm.so+0xaaf3a0], sa_mask[0]=11111111011111111101111111111110, sa_flags=SA_RESTART|SA_SIGINFO
SIGFPE: [libjvm.so+0x8e52e0], sa_mask[0]=11111111011111111101111111111110, sa_flags=SA_RESTART|SA_SIGINFO
SIGPIPE: [libjvm.so+0x8e52e0], sa_mask[0]=11111111011111111101111111111110, sa_flags=SA_RESTART|SA_SIGINFO
SIGXFSZ: [libjvm.so+0x8e52e0], sa_mask[0]=11111111011111111101111111111110, sa_flags=SA_RESTART|SA_SIGINFO
SIGILL: [libjvm.so+0x8e52e0], sa_mask[0]=11111111011111111101111111111110, sa_flags=SA_RESTART|SA_SIGINFO
SIGUSR1: SIG_DFL, sa_mask[0]=00000000000000000000000000000000, sa_flags=none
SIGUSR2: [libjvm.so+0x8e5190], sa_mask[0]=00100000000000000000000000000000, sa_flags=SA_RESTART|SA_SIGINFO
SIGHUP: [libjvm.so+0x8e5640], sa_mask[0]=11111111011111111101111111111110, sa_flags=SA_RESTART|SA_SIGINFO
SIGINT: [libjvm.so+0x8e5640], sa_mask[0]=11111111011111111101111111111110, sa_flags=SA_RESTART|SA_SIGINFO
SIGTERM: [libjvm.so+0x8e5640], sa_mask[0]=11111111011111111101111111111110, sa_flags=SA_RESTART|SA_SIGINFO
SIGQUIT: [libjvm.so+0x8e5640], sa_mask[0]=11111111011111111101111111111110, sa_flags=SA_RESTART|SA_SIGINFO


---------------  S Y S T E M  ---------------

OS:DISTRIB_ID=Ubuntu
DISTRIB_RELEASE=18.04
DISTRIB_CODENAME=bionic
DISTRIB_DESCRIPTION="Ubuntu 18.04.1 LTS"

uname:Linux 4.15.0-29-generic #31-Ubuntu SMP Tue Jul 17 15:39:52 UTC 2018 x86_64
libc:glibc 2.27 NPTL 2.27 
rlimit: STACK 8192k, CORE 0k, NPROC 15526, NOFILE 1048576, AS infinity
load average:0.84 0.46 0.41

/proc/meminfo:
MemTotal:        4034012 kB
MemFree:           89472 kB
MemAvailable:       3280 kB
Buffers:            1112 kB
Cached:            54796 kB
SwapCached:         6384 kB
Active:          3096276 kB
Inactive:         629844 kB
Active(anon):    3078836 kB
Inactive(anon):   615812 kB
Active(file):      17440 kB
Inactive(file):    14032 kB
Unevictable:         628 kB
Mlocked:             628 kB
SwapTotal:       1557568 kB
SwapFree:           6320 kB
Dirty:               668 kB
Writeback:           436 kB
AnonPages:       3664924 kB
Mapped:            50060 kB
Shmem:             24144 kB
Slab:              92576 kB
SReclaimable:      39456 kB
SUnreclaim:        53120 kB
KernelStack:       19504 kB
PageTables:        63360 kB
NFS_Unstable:          0 kB
Bounce:                0 kB
WritebackTmp:          0 kB
CommitLimit:     3574572 kB
Committed_AS:   12405872 kB
VmallocTotal:   34359738367 kB
VmallocUsed:           0 kB
VmallocChunk:          0 kB
HardwareCorrupted:     0 kB
AnonHugePages:         0 kB
ShmemHugePages:        0 kB
ShmemPmdMapped:        0 kB
CmaTotal:              0 kB
CmaFree:               0 kB
HugePages_Total:       0
HugePages_Free:        0
HugePages_Rsvd:        0
HugePages_Surp:        0
Hugepagesize:       2048 kB
DirectMap4k:      198576 kB
DirectMap2M:     3995648 kB


CPU:total 4 (initial active 4) (4 cores per cpu, 1 threads per core) family 6 model 158 stepping 9, cmov, cx8, fxsr, mmx, sse, sse2, sse3, ssse3, sse4.1, sse4.2, popcnt, avx, avx2, aes, clmul, erms, 3dnowpref, lzcnt, tsc, tscinvbit, bmi1, bmi2, adx

/proc/cpuinfo:
processor	: 0
vendor_id	: GenuineIntel
cpu family	: 6
model		: 158
model name	: Intel(R) Core(TM) i7-7820HQ CPU @ 2.90GHz
stepping	: 9
microcode	: 0x8e
cpu MHz		: 2904.000
cache size	: 8192 KB
physical id	: 0
siblings	: 4
core id		: 0
cpu cores	: 4
apicid		: 0
initial apicid	: 0
fpu		: yes
fpu_exception	: yes
cpuid level	: 22
wp		: yes
flags		: fpu vme de pse tsc msr pae mce cx8 apic sep mtrr pge mca cmov pat pse36 clflush mmx fxsr sse sse2 ss ht syscall nx rdtscp lm constant_tsc nopl xtopology nonstop_tsc cpuid pni pclmulqdq ssse3 fma cx16 pcid sse4_1 sse4_2 x2apic movbe popcnt tsc_deadline_timer aes xsave avx f16c rdrand hypervisor lahf_lm abm 3dnowprefetch invpcid_single pti ssbd ibrs ibpb stibp fsgsbase tsc_adjust bmi1 hle avx2 smep bmi2 invpcid mpx adx clflushopt xsaveopt dtherm arat pln pts
bugs		: cpu_meltdown spectre_v1 spectre_v2 spec_store_bypass
bogomips	: 5808.00
clflush size	: 64
cache_alignment	: 64
address sizes	: 36 bits physical, 48 bits virtual
power management:

processor	: 1
vendor_id	: GenuineIntel
cpu family	: 6
model		: 158
model name	: Intel(R) Core(TM) i7-7820HQ CPU @ 2.90GHz
stepping	: 9
microcode	: 0x8e
cpu MHz		: 2904.000
cache size	: 8192 KB
physical id	: 0
siblings	: 4
core id		: 1
cpu cores	: 4
apicid		: 1
initial apicid	: 1
fpu		: yes
fpu_exception	: yes
cpuid level	: 22
wp		: yes
flags		: fpu vme de pse tsc msr pae mce cx8 apic sep mtrr pge mca cmov pat pse36 clflush mmx fxsr sse sse2 ss ht syscall nx rdtscp lm constant_tsc nopl xtopology nonstop_tsc cpuid pni pclmulqdq ssse3 fma cx16 pcid sse4_1 sse4_2 x2apic movbe popcnt tsc_deadline_timer aes xsave avx f16c rdrand hypervisor lahf_lm abm 3dnowprefetch invpcid_single pti ssbd ibrs ibpb stibp fsgsbase tsc_adjust bmi1 hle avx2 smep bmi2 invpcid mpx adx clflushopt xsaveopt dtherm arat pln pts
bugs		: cpu_meltdown spectre_v1 spectre_v2 spec_store_bypass
bogomips	: 5808.00
clflush size	: 64
cache_alignment	: 64
address sizes	: 36 bits physical, 48 bits virtual
power management:

processor	: 2
vendor_id	: GenuineIntel
cpu family	: 6
model		: 158
model name	: Intel(R) Core(TM) i7-7820HQ CPU @ 2.90GHz
stepping	: 9
microcode	: 0x8e
cpu MHz		: 2904.000
cache size	: 8192 KB
physical id	: 0
siblings	: 4
core id		: 2
cpu cores	: 4
apicid		: 2
initial apicid	: 2
fpu		: yes
fpu_exception	: yes
cpuid level	: 22
wp		: yes
flags		: fpu vme de pse tsc msr pae mce cx8 apic sep mtrr pge mca cmov pat pse36 clflush mmx fxsr sse sse2 ss ht syscall nx rdtscp lm constant_tsc nopl xtopology nonstop_tsc cpuid pni pclmulqdq ssse3 fma cx16 pcid sse4_1 sse4_2 x2apic movbe popcnt tsc_deadline_timer aes xsave avx f16c rdrand hypervisor lahf_lm abm 3dnowprefetch invpcid_single pti ssbd ibrs ibpb stibp fsgsbase tsc_adjust bmi1 hle avx2 smep bmi2 invpcid mpx adx clflushopt xsaveopt dtherm arat pln pts
bugs		: cpu_meltdown spectre_v1 spectre_v2 spec_store_bypass
bogomips	: 5808.00
clflush size	: 64
cache_alignment	: 64
address sizes	: 36 bits physical, 48 bits virtual
power management:

processor	: 3
vendor_id	: GenuineIntel
cpu family	: 6
model		: 158
model name	: Intel(R) Core(TM) i7-7820HQ CPU @ 2.90GHz
stepping	: 9
microcode	: 0x8e
cpu MHz		: 2904.000
cache size	: 8192 KB
physical id	: 0
siblings	: 4
core id		: 3
cpu cores	: 4
apicid		: 3
initial apicid	: 3
fpu		: yes
fpu_exception	: yes
cpuid level	: 22
wp		: yes
flags		: fpu vme de pse tsc msr pae mce cx8 apic sep mtrr pge mca cmov pat pse36 clflush mmx fxsr sse sse2 ss ht syscall nx rdtscp lm constant_tsc nopl xtopology nonstop_tsc cpuid pni pclmulqdq ssse3 fma cx16 pcid sse4_1 sse4_2 x2apic movbe popcnt tsc_deadline_timer aes xsave avx f16c rdrand hypervisor lahf_lm abm 3dnowprefetch invpcid_single pti ssbd ibrs ibpb stibp fsgsbase tsc_adjust bmi1 hle avx2 smep bmi2 invpcid mpx adx clflushopt xsaveopt dtherm arat pln pts
bugs		: cpu_meltdown spectre_v1 spectre_v2 spec_store_bypass
bogomips	: 5808.00
clflush size	: 64
cache_alignment	: 64
address sizes	: 36 bits physical, 48 bits virtual
power management:



Memory: 4k page, physical 4034012k(89472k free), swap 1557568k(6320k free)

vm_info: OpenJDK 64-Bit Server VM (25.181-b13) for linux-amd64 JRE (1.8.0_181-8u181-b13-0ubuntu0.18.04.1-b13), built on Jul 23 2018 19:14:48 by "buildd" with gcc 7.3.0

time: Sun Sep  9 02:42:32 2018
elapsed time: 4 seconds (0d 0h 0m 4s)

